<?xml version="1.0" encoding="UTF-8"?>
<!-- Generated by org.testng.reporters.JUnitReportReporter -->
<testsuite hostname="Shakib-PC" name="com.maven.package_1.MavenTest2.TC_004_verifyShoppingEvenAfterLogInFailed" tests="3" failures="0" timestamp="12 Nov 2015 09:06:55 GMT" time="0.003" errors="0">
  <testcase name="logIn" time="0.001" classname="com.maven.package_1.MavenTest2.TC_004_verifyShoppingEvenAfterLogInFailed"/>
  <testcase name="logOut" time="0.001" classname="com.maven.package_1.MavenTest2.TC_004_verifyShoppingEvenAfterLogInFailed"/>
  <testcase name="sds" time="0.001" classname="com.maven.package_1.MavenTest2.TC_004_verifyShoppingEvenAfterLogInFailed"/>
</testsuite> <!-- com.maven.package_1.MavenTest2.TC_004_verifyShoppingEvenAfterLogInFailed -->
