<?xml version="1.0" encoding="UTF-8"?>
<!-- Generated by org.testng.reporters.JUnitReportReporter -->
<testsuite hostname="Shakib-PC" name="com.maven.package_1.MavenTest2.TC_002_verifyLogInLogOut" tests="2" failures="0" timestamp="12 Nov 2015 09:15:12 GMT" time="0.006" errors="0">
  <testcase name="method1ForTC2" time="0.001" classname="com.maven.package_1.MavenTest2.TC_002_verifyLogInLogOut"/>
  <testcase name="logInLogOut" time="0.005" classname="com.maven.package_1.MavenTest2.TC_002_verifyLogInLogOut"/>
</testsuite> <!-- com.maven.package_1.MavenTest2.TC_002_verifyLogInLogOut -->
