<?xml version="1.0" encoding="UTF-8"?>
<!-- Generated by org.testng.reporters.JUnitReportReporter -->
<testsuite hostname="Shakib-PC" name="com.maven.package_1.MavenTest2.TC_001_verifyFirstPage" tests="1" failures="0" timestamp="12 Nov 2015 09:15:12 GMT" time="0.057" errors="0">
  <testcase name="verifyFirstPageLink" time="0.057" classname="com.maven.package_1.MavenTest2.TC_001_verifyFirstPage"/>
</testsuite> <!-- com.maven.package_1.MavenTest2.TC_001_verifyFirstPage -->
