<?xml version="1.0" encoding="UTF-8"?>
<!-- Generated by org.testng.reporters.JUnitReportReporter -->
<testsuite hostname="Shakib-PC" name="com.maven.package_1.MavenTest2.TC_003_verifyShoppingWithLoginAndLogOut" tests="1" failures="0" timestamp="12 Nov 2015 10:24:21 GMT" time="0.001" errors="0">
  <testcase name="verifyShopping" time="0.001" classname="com.maven.package_1.MavenTest2.TC_003_verifyShoppingWithLoginAndLogOut"/>
</testsuite> <!-- com.maven.package_1.MavenTest2.TC_003_verifyShoppingWithLoginAndLogOut -->
